AUTOSAL SALINOMETER
Expedition:   NBP1701
Ship:         R/V Palmer
autosal: 69-180    bath temp: 24    operator: sr  Thu 29 Dec 2016 15:39:39
std batch: p158    k-15: 0.99970    std dial: 410    air temp: 22.5
sta samp   cr(1)       cr(2)       avg cr    salt   box sbot   time   sby  AirTmp   WtrTmp
02 0100 1.99940 <1> 1.99940 <2> 1.99940 <1> 34.9882   e worm 15:38:44 6009     22.5    0.00
02 0101 1.98593 <1> 1.98596 <2> 1.98595 <2> 34.7236   e    1 15:44:31 6009     22.5    0.00
02 0102 1.98575 <1> 1.98581 <2> 1.98578 <3> 34.7203   e    2 15:48:52 6009     22.5    0.00
02 0103 1.98520 <1> 1.98520 <2> 1.98520 <2> 34.7089   e    3 15:52:38 6009     22.5    0.00
02 0104 1.98377 <1> 1.98377 <2> 1.98377 <2> 34.6808   e    4 15:56:06 6009     22.5    0.00
02 0105 1.98304 <1> 1.98310 <2> 1.98307 <3> 34.6671   e    5 16:02:28 6009     22.5    0.00
02 0106 1.98202 <1> 1.98201 <2> 1.98202 <2> 34.6463   e    6 16:07:21 6009     22.5    0.00
02 0107 1.98080 <1> 1.98085 <2> 1.98083 <4> 34.6230   e    7 16:12:39 6009     22.5    0.00
02 0108 1.97827 <1> 1.97828 <2> 1.97828 <2> 34.5729   e    8 16:16:21 6008     22.5    0.00
02 0109 1.97700 <1> 1.97702 <2> 1.97701 <2> 34.5480   e    9 16:19:22 6009     22.5    0.00
02 0110 1.97465 <1> 1.97465 <2> 1.97465 <5> 34.5017   e   10 16:25:20 6009     22.5    0.00
02 0111 1.97136 <1> 1.97139 <2> 1.97138 <2> 34.4374   e   11 16:28:29 6009     22.5    0.00
02 0112 1.96772 <1> 1.96773 <2> 1.96773 <2> 34.3657   e   12 16:31:49 6009     22.5    0.00
02 0113 1.96247 <1> 1.96247 <2> 1.96247 <2> 34.2626   e   13 16:35:07 6009     22.5    0.00
02 0114 1.95960 <1> 1.95955 <2> 1.95958 <2> 34.2059   e   14 16:43:50 6008     22.5    0.00
02 0115 1.95515 <1> 1.95516 <2> 1.95516 <2> 34.1192   e   15 16:47:14 6009     22.5    0.00
02 0116 1.95407 <1> 1.95409 <2> 1.95408 <2> 34.0982   e   16 16:50:16 6009     22.5    0.00
02 0117 1.95213 <1> 1.95215 <2> 1.95214 <2> 34.0601   e   17 16:53:23 6009     22.5    0.00
02 0118 1.94415 <1> 1.94414 <2> 1.94415 <2> 33.9035   e   18 16:57:11 6009     22.5    0.00
02 0119 1.94236 <1> 1.94240 <2> 1.94238 <2> 33.8690   e   19 17:00:12 6011     22.5    0.00
02 0120 1.94036 <1> 1.94034 <2> 1.94035 <2> 33.8292   e   20 17:02:57 6009     22.5    0.00
02 0121 1.94057 <1> 1.94054 <2> 1.94056 <2> 33.8332   e   21 17:06:07 6010     22.5    0.00
02 0122 1.93996 <1> 1.93995 <2> 1.93996 <2> 33.8215   e   22 17:09:55 6009     22.5    0.00
02 0123 1.93981 <1> 1.93980 <2> 1.93981 <2> 33.8186   e   23 17:12:43 6009     22.5    0.00
02 0124 1.93994 <1> 1.93993 <2> 1.93994 <2> 33.8211   e   24 17:15:32 6009     22.5    0.00
02 0199 1.99943 <1> 1.99942 <2> 1.99943 <2> 34.9887   e worm 17:23:53 6009     22.5    0.00
