AUTOSAL SALINOMETER
Expedition:   NBP1701
Ship:         R/V Palmer
autosal: 69-180    bath temp: 24    operator: CW  Thu 29 Dec 2016 23:15:11
std batch: P158    k-15: 0.99970    std dial: 532    air temp: 23.0
sta samp   cr(1)       cr(2)       avg cr    salt   box sbot   time   sby  AirTmp   WtrTmp
04 0200 1.99939 <1> 1.99939 <2> 1.99939 <1> 34.9880   D worm 23:14:07 6004     23.0   24.01
04 0201 1.98631 <1> 1.98637 <2> 1.98634 <3> 34.7313   D    1 23:23:15 6003     23.0   24.01
04 0202 1.98643 <1> 1.98649 <2> 1.98646 <2> 34.7337   D    2 23:26:37 6003     23.0   24.01
04 0203 1.98604 <1> 1.98606 <2> 1.98605 <3> 34.7256   D    3 23:30:50 6003     23.0   24.01
04 0204 1.98592 <1> 1.98598 <2> 1.98595 <2> 34.7237   D    4 23:33:20 6005     23.0   24.01
04 0205 1.98626 <1> 1.98625 <2> 1.98626 <5> 34.7297   D    5 23:38:42 6004     23.0   24.01
04 0206 1.98597 <1> 1.98603 <2> 1.98600 <2> 34.7247   D    6 23:41:15 6004     23.0   24.00
04 0207 1.98560 <1> 1.98563 <2> 1.98562 <2> 34.7171   D    7 23:43:25 6004     23.0   24.01
04 0208 1.98590 <1> 1.98593 <2> 1.98592 <5> 34.7230   D    8 23:48:32 6004     23.0   24.00
04 0209 1.98468 <1> 1.98467 <2> 1.98468 <2> 34.6986   D    9 23:51:08 6004     23.0   24.01
04 0210 1.98351 <1> 1.98354 <2> 1.98353 <2> 34.6760   D   10 23:53:52 6004     23.0   24.00
04 0211 1.98247 <1> 1.98250 <2> 1.98249 <2> 34.6556   D   11 23:56:02 6004     23.0   24.00
04 0212 1.98086 <1> 1.98086 <2> 1.98086 <6> 34.6236   D   12 00:03:32 6004     23.0   24.01
04 0213 1.97860 <1> 1.97861 <2> 1.97861 <2> 34.5793   D   13 00:06:44 6004     23.0   24.00
04 0214 1.97550 <1> 1.97550 <2> 1.97550 <2> 34.5184   D   14 00:09:01 6004     23.0   24.00
04 0215 1.97321 <1> 1.97320 <2> 1.97321 <2> 34.4733   D   15 00:11:11 6004     23.0   24.01
04 0216 1.97026 <1> 1.97024 <2> 1.97025 <2> 34.4153   D   16 00:13:17 6004     23.0   24.00
04 0217 1.96843 <1> 1.96843 <2> 1.96843 <2> 34.3796   D   17 00:15:37 6004     23.0   24.00
04 0218 1.96107 <1> 1.96108 <2> 1.96108 <2> 34.2353   D   18 00:17:54 6004     23.0   24.00
04 0219 1.94893 <1> 1.94892 <2> 1.94893 <2> 33.9971   D   19 00:20:35 6004     23.0   24.00
04 0220 1.93818 <1> 1.93817 <2> 1.93818 <2> 33.7867   D   20 00:23:20 6004     23.0   24.00
04 0221 1.93448 <1> 1.93449 <2> 1.93449 <3> 33.7145   D   21 00:26:24 6004     23.0   24.00
04 0222 1.93303 <1> 1.93303 <2> 1.93303 <2> 33.6860   D   22 00:29:15 6003     23.0   24.00
04 0223 1.93230 <1> 1.93228 <2> 1.93229 <2> 33.6715   D   23 00:31:21 6003     23.0   24.00
04 0224 1.93047 <1> 1.93047 <2> 1.93047 <2> 33.6359   D   24 00:33:28 6003     23.0   24.00
04 0299 1.99941 <1> 1.99940 <2> 1.99941 <2> 34.9883   D worm 00:39:25 6004     23.0   24.01
