AUTOSAL SALINOMETER
Expedition:   NBP1701
Ship:         R/V Palmer
autosal: 69-180    bath temp: 24    operator: CW  Fri 30 Dec 2016 13:55:50
std batch: P158    k-15: 0.99970    std dial: 522    air temp: 22.6
sta samp   cr(1)       cr(2)       avg cr    salt   box sbot   time   sby  AirTmp   WtrTmp
06 0200 1.99941 <1> 1.99941 <2> 1.99941 <3> 34.9884   H worm 13:55:06 5997     22.6    0.00
06 0201 1.98482 <1> 1.98485 <2> 1.98484 <2> 34.7018   H    1 13:58:49 5998     22.6    0.00
06 0202 1.98488 <1> 1.98489 <2> 1.98489 <2> 34.7027   H    2 14:01:04 5997     22.6    0.00
06 0203 1.98477 <1> 1.98476 <2> 1.98477 <2> 34.7004   H    3 14:03:18 5998     22.6    0.00
06 0204 1.98502 <1> 1.98499 <2> 1.98501 <2> 34.7051   H    4 14:05:25 5997     22.6    0.00
06 0205 1.98516 <1> 1.98519 <2> 1.98518 <2> 34.7084   H    5 14:08:26 5997     22.6    0.00
06 0206 1.98545 <1> 1.98548 <2> 1.98547 <2> 34.7141   H    6 14:10:29 5997     22.6    0.00
06 0207 1.98569 <1> 1.98572 <2> 1.98571 <2> 34.7189   H    7 14:12:36 5998     22.6    0.00
06 0208 1.98604 <1> 1.98603 <2> 1.98604 <2> 34.7253   H    8 14:15:20 5997     22.6    0.00
06 0209 1.98603 <1> 1.98605 <2> 1.98604 <2> 34.7254   H    9 14:17:37 5997     22.6    0.00
06 0210 1.98615 <1> 1.98617 <2> 1.98616 <2> 34.7278   H   10 14:19:51 5998     22.6    0.00
06 0211 1.98617 <1> 1.98619 <2> 1.98618 <2> 34.7282   H   11 14:21:50 5998     22.6    0.00
06 0212 1.98594 <1> 1.98594 <2> 1.98594 <2> 34.7235   H   12 14:23:57 5997     22.6    0.00
06 0213 1.98568 <1> 1.98567 <2> 1.98568 <2> 34.7183   H   13 14:26:11 5998     22.6    0.00
06 0214 1.98525 <1> 1.98525 <2> 1.98525 <2> 34.7099   H   14 14:28:29 5998     22.6    0.00
06 0215 1.98415 <1> 1.98417 <2> 1.98416 <2> 34.6885   H   15 14:31:03 5997     22.6    0.00
06 0216 1.98326 <1> 1.98331 <2> 1.98328 <2> 34.6713   H   16 14:34:05 5997     22.6    0.00
06 0217 1.98217 <1> 1.98219 <2> 1.98218 <2> 34.6496   H   17 14:36:52 5998     22.6    0.00
06 0218 1.97938 <1> 1.97939 <2> 1.97939 <2> 34.5947   H   18 14:39:40 5996     22.6    0.00
06 0219 1.97584 <1> 1.97584 <2> 1.97584 <2> 34.5250   H   19 14:42:01 5998     22.6    0.00
06 0220 1.96724 <1> 1.96723 <2> 1.96724 <2> 34.3561   H   20 14:44:24 5998     22.6    0.00
06 0221 1.95581 <1> 1.95580 <2> 1.95581 <5> 34.1320   H   21 14:49:41 5997     22.6    0.00
06 0222 1.95053 <1> 1.95056 <2> 1.95054 <2> 34.0289   H   22 14:52:02 5997     22.6    0.00
06 0223 1.94451 <1> 1.94451 <2> 1.94451 <2> 33.9107   H   23 14:54:17 5997     22.6    0.00
06 0224 1.94447 <1> 1.94452 <2> 1.94450 <2> 33.9104   H   24 14:56:39 5997     22.6    0.00
06 0225 1.99957 <1> 1.99957 <2> 1.99957 <2> 34.9915   H   25 15:00:50 5997     22.6    0.00
06 0299 1.99955 <1> 1.99957 <2> 1.99956 <2> 34.9913   H worm 15:01:59 5997     21.7    0.00
