AUTOSAL SALINOMETER
Expedition:   NBP1701
Ship:         R/V Palmer
autosal: 69-180    bath temp: 21    operator: CW  Tue 03 Jan 2017 18:08:08
std batch: P158    k-15: 0.99970    std dial: 418    air temp: 20.9
sta samp   cr(1)       cr(2)       avg cr    salt   box sbot   time   sby  AirTmp   WtrTmp
14 0200 1.99939 <1> 1.99939 <2> 1.99939 <3> 34.9880   D worm 18:07:28 5916     20.9   21.00
14 0201 1.98483 <1> 1.98488 <2> 1.98486 <2> 34.7026   D    1 18:11:56 5916     20.9   21.00
14 0202 1.98489 <1> 1.98493 <2> 1.98491 <2> 34.7037   D    2 18:14:57 5916     20.9   21.00
14 0203 1.98485 <1> 1.98484 <2> 1.98485 <2> 34.7024   D    3 18:18:20 5917     20.9   21.00
14 0204 1.98495 <1> 1.98499 <2> 1.98497 <2> 34.7049   D    4 18:21:20 5917     20.9   21.00
14 0205 1.98512 <1> 1.98512 <2> 1.98512 <2> 34.7078   D    5 18:24:12 5916     20.9   21.00
14 0206 1.98520 <1> 1.98520 <2> 1.98520 <3> 34.7094   D    6 18:27:57 5916     20.9   21.00
14 0207 1.98542 <1> 1.98544 <2> 1.98543 <2> 34.7139   D    7 18:31:05 5916     20.9   21.00
14 0208 1.98588 <1> 1.98588 <2> 1.98588 <2> 34.7227   D    8 18:34:10 5916     20.9   21.00
14 0209 1.98622 <1> 1.98619 <2> 1.98620 <2> 34.7291   D    9 18:37:08 5915     20.9   21.00
14 0210 1.98619 <1> 1.98623 <2> 1.98621 <2> 34.7292   D   10 18:39:55 5916     20.9   21.00
14 0211 1.98614 <1> 1.98619 <2> 1.98617 <2> 34.7283   D   11 18:42:48 5917     20.9   21.00
14 0212 1.98588 <1> 1.98589 <2> 1.98589 <2> 34.7228   D   12 18:45:25 5916     20.9   21.00
14 0213 1.98533 <1> 1.98534 <2> 1.98534 <2> 34.7120   D   13 18:48:02 5916     20.9   21.00
14 0214 1.98470 <1> 1.98469 <2> 1.98470 <2> 34.6995   D   14 18:50:44 5916     20.9   21.00
14 0215 1.98314 <1> 1.98316 <2> 1.98315 <2> 34.6691   D   15 18:53:34 5916     20.9   21.00
14 0216 1.98210 <1> 1.98213 <2> 1.98212 <2> 34.6488   D   16 18:56:32 5917     20.9   21.00
14 0217 1.98119 <1> 1.98122 <2> 1.98121 <2> 34.6310   D   17 18:59:08 5916     20.9   21.00
14 0218 1.97977 <1> 1.97973 <2> 1.97975 <2> 34.6024   D   18 19:01:42 5917     20.9   21.00
14 0219 1.97677 <1> 1.97677 <2> 1.97677 <2> 34.5440   D   19 19:04:13 5916     20.9   21.00
14 0220 1.96973 <1> 1.96976 <2> 1.96975 <2> 34.4063   D   20 19:06:43 5916     20.9   21.00
14 0221 1.95168 <1> 1.95170 <2> 1.95169 <2> 34.0528   D   21 19:09:18 5916     20.9   21.00
14 0222 1.94921 <1> 1.94920 <2> 1.94921 <2> 34.0041   D   22 19:11:50 5916     20.9   21.00
14 0223 1.94306 <1> 1.94305 <2> 1.94306 <2> 33.8839   D   23 19:14:17 5917     20.9   21.00
14 0224 1.94091 <1> 1.94094 <2> 1.94093 <2> 33.8422   D   24 19:16:48 5917     20.9   21.00
14 0299 1.99958 <1> 1.99959 <2> 1.99959 <2> 34.9918   D worm 19:19:52 5916     19.4   21.00
